2015-11-23 20:04:44,939 [+]  Successfully sent data
2015-11-23 20:04:44,940 [+]  Sent file was successfully received
2015-11-23 20:17:37,173 [+]  Successfully sent data
2015-11-23 20:17:37,173 [+]  Sent file was successfully received
2015-11-23 20:19:36,122 [+]  Successfully sent data
2015-11-23 20:19:36,122 [+]  Sent file was successfully received
2015-11-23 20:21:10,892 [+]  Successfully sent data
2015-11-23 20:21:10,893 [+]  Sent file was successfully received
2015-11-23 20:22:38,082 [+]  Successfully sent data
2015-11-23 20:22:38,083 [+]  Sent file was successfully received
2015-11-23 20:24:26,667 [+]  Successfully sent data
2015-11-23 20:24:26,668 [+]  Sent file was successfully received
2015-11-23 20:26:53,107 [+]  Successfully sent data
2015-11-23 20:26:53,108 [+]  Sent file was successfully received
2015-11-23 20:29:53,699 [+]  Successfully sent data
2015-11-23 20:29:53,700 [+]  Sent file was successfully received
2015-11-23 20:32:20,099 [+]  Successfully sent data
2015-11-23 20:32:20,100 [+]  Sent file was successfully received
2015-11-23 20:33:10,991 [+]  Successfully sent data
2015-11-23 20:33:10,991 [+]  Sent file was successfully received
2015-11-23 20:34:40,019 [+]  Successfully sent data
2015-11-23 20:34:40,020 [+]  Sent file was successfully received
2015-11-23 20:37:38,578 [+]  Successfully sent data
2015-11-23 20:37:38,578 [+]  Sent file was successfully received
2015-11-23 20:39:54,363 [+]  Successfully sent data
2015-11-23 20:39:54,364 [+]  Sent file was successfully received
2015-11-23 20:41:20,631 [+]  Successfully sent data
2015-11-23 20:41:20,632 [+]  Sent file was successfully received
2015-11-23 20:43:15,729 [+]  Successfully sent data
2015-11-23 20:43:15,730 [+]  Sent file was successfully received
2015-11-23 20:43:15,943 [+]  Registration attempt successful
2015-11-23 20:44:05,957 [+]  Successfully sent data
2015-11-23 20:44:05,958 [+]  Sent file was successfully received
2015-11-23 20:44:15,639 [+]  Successfully sent data
2015-11-23 20:44:15,640 [-]  Login attempt failed
2015-11-23 20:44:25,424 [+]  Successfully sent data
2015-11-23 20:44:25,426 [+]  Sent file was successfully received
2015-11-23 20:44:25,531 [+]  Login attempt successful
2015-11-23 20:47:33,032 [+]  Successfully sent data
2015-11-23 20:47:33,033 [+]  Sent file was successfully received
2015-11-23 20:47:33,138 [+]  Login attempt successful
